C:\USERS\AAMIR\DOCUMENTS\VISUAL STUDIO 2010\PROJECTS\SYMMETRY\DEBUG\SYMMETRY.EXE
C:\USERS\AAMIR\DOCUMENTS\VISUAL STUDIO 2010\PROJECTS\SYMMETRY\DEBUG\SYMMETRY.EXE.MANIFEST
C:\Users\Aamir\Documents\Visual Studio 2010\Projects\Symmetry\Debug\Symmetry.exp
C:\Users\Aamir\Documents\Visual Studio 2010\Projects\Symmetry\Debug\Symmetry.lib
C:\USERS\AAMIR\DOCUMENTS\VISUAL STUDIO 2010\PROJECTS\SYMMETRY\DEBUG\SYMMETRY.PDB
C:\USERS\AAMIR\DOCUMENTS\VISUAL STUDIO 2010\PROJECTS\SYMMETRY\SYMMETRY\DEBUG\MAINDD.OBJ
C:\USERS\AAMIR\DOCUMENTS\VISUAL STUDIO 2010\PROJECTS\SYMMETRY\SYMMETRY\DEBUG\SYMMETRY.EXE.EMBED.MANIFEST.RES
C:\USERS\AAMIR\DOCUMENTS\VISUAL STUDIO 2010\PROJECTS\SYMMETRY\SYMMETRY\DEBUG\SYMMETRY.EXE.INTERMEDIATE.MANIFEST
C:\USERS\AAMIR\DOCUMENTS\VISUAL STUDIO 2010\PROJECTS\SYMMETRY\SYMMETRY\DEBUG\VC100.PDB
C:\USERS\DEBOJEET\DESKTOP\SYMMETRY\DEBUG\SYMMETRY.EXE
C:\Users\Debojeet\Desktop\Symmetry\Debug\Symmetry.exe.manifest
C:\Users\Debojeet\Desktop\Symmetry\Debug\Symmetry.exp
C:\Users\Debojeet\Desktop\Symmetry\Debug\Symmetry.lib
C:\USERS\DEBOJEET\DESKTOP\SYMMETRY\DEBUG\SYMMETRY.PDB
C:\Users\Debojeet\Desktop\Symmetry\Symmetry\Debug\cl.command.1.tlog
C:\Users\Debojeet\Desktop\Symmetry\Symmetry\Debug\CL.read.1.tlog
C:\Users\Debojeet\Desktop\Symmetry\Symmetry\Debug\CL.write.1.tlog
C:\Users\Debojeet\Desktop\Symmetry\Symmetry\Debug\link.command.1.tlog
C:\Users\Debojeet\Desktop\Symmetry\Symmetry\Debug\link.read.1.tlog
C:\Users\Debojeet\Desktop\Symmetry\Symmetry\Debug\link.write.1.tlog
C:\USERS\DEBOJEET\DESKTOP\SYMMETRY\SYMMETRY\DEBUG\MAIN.OBJ
C:\Users\Debojeet\Desktop\Symmetry\Symmetry\Debug\MAINDD.obj
C:\Users\Debojeet\Desktop\Symmetry\Symmetry\Debug\mt.command.1.tlog
C:\Users\Debojeet\Desktop\Symmetry\Symmetry\Debug\mt.read.1.tlog
C:\Users\Debojeet\Desktop\Symmetry\Symmetry\Debug\mt.write.1.tlog
C:\Users\Debojeet\Desktop\Symmetry\Symmetry\Debug\rc.command.1.tlog
C:\Users\Debojeet\Desktop\Symmetry\Symmetry\Debug\rc.read.1.tlog
C:\Users\Debojeet\Desktop\Symmetry\Symmetry\Debug\rc.write.1.tlog
C:\Users\Debojeet\Desktop\Symmetry\Symmetry\Debug\Symmetry.exe.embed.manifest
C:\Users\Debojeet\Desktop\Symmetry\Symmetry\Debug\Symmetry.exe.embed.manifest.res
C:\USERS\DEBOJEET\DESKTOP\SYMMETRY\SYMMETRY\DEBUG\SYMMETRY.EXE.INTERMEDIATE.MANIFEST
C:\Users\Debojeet\Desktop\Symmetry\Symmetry\Debug\Symmetry.vcxprojResolveAssemblyReference.cache
C:\Users\Debojeet\Desktop\Symmetry\Symmetry\Debug\Symmetry.write.1.tlog
C:\Users\Debojeet\Desktop\Symmetry\Symmetry\Debug\Symmetry_manifest.rc
C:\Users\Debojeet\Desktop\Symmetry\Symmetry\Debug\vc100.idb
C:\USERS\DEBOJEET\DESKTOP\SYMMETRY\SYMMETRY\DEBUG\VC100.PDB
