C:\USERS\DEBOJEET\DESKTOP\SYMMETRY\DEBUG\SYMMETRY MAIN.EXE
C:\USERS\DEBOJEET\DESKTOP\SYMMETRY\DEBUG\SYMMETRY MAIN.EXE.MANIFEST
C:\Users\Debojeet\Desktop\Symmetry\Debug\Symmetry Main.exp
C:\Users\Debojeet\Desktop\Symmetry\Debug\Symmetry Main.lib
C:\USERS\DEBOJEET\DESKTOP\SYMMETRY\DEBUG\SYMMETRY MAIN.PDB
C:\USERS\DEBOJEET\DESKTOP\SYMMETRY\DEBUG\SYMMETRY.EXE.MANIFEST
C:\Users\Debojeet\Desktop\Symmetry\Debug\Symmetry.exp
C:\Users\Debojeet\Desktop\Symmetry\Debug\Symmetry.lib
C:\Users\Debojeet\Desktop\Symmetry\Symmetry\Debug\cl.command.1.tlog
C:\Users\Debojeet\Desktop\Symmetry\Symmetry\Debug\CL.read.1.tlog
C:\Users\Debojeet\Desktop\Symmetry\Symmetry\Debug\CL.write.1.tlog
C:\Users\Debojeet\Desktop\Symmetry\Symmetry\Debug\link.command.1.tlog
C:\Users\Debojeet\Desktop\Symmetry\Symmetry\Debug\link.read.1.tlog
C:\Users\Debojeet\Desktop\Symmetry\Symmetry\Debug\link.write.1.tlog
C:\USERS\DEBOJEET\DESKTOP\SYMMETRY\SYMMETRY\DEBUG\MAIN.OBJ
C:\Users\Debojeet\Desktop\Symmetry\Symmetry\Debug\mt.command.1.tlog
C:\Users\Debojeet\Desktop\Symmetry\Symmetry\Debug\mt.read.1.tlog
C:\Users\Debojeet\Desktop\Symmetry\Symmetry\Debug\mt.write.1.tlog
C:\USERS\DEBOJEET\DESKTOP\SYMMETRY\SYMMETRY\DEBUG\SYMMETRY MAIN.EXE.INTERMEDIATE.MANIFEST
C:\Users\Debojeet\Desktop\Symmetry\Symmetry\Debug\Symmetry Main.write.1.tlog
C:\Users\Debojeet\Desktop\Symmetry\Symmetry\Debug\Symmetry.exe.intermediate.manifest
C:\Users\Debojeet\Desktop\Symmetry\Symmetry\Debug\Symmetry.vcxprojResolveAssemblyReference.cache
C:\Users\Debojeet\Desktop\Symmetry\Symmetry\Debug\Symmetry.write.1.tlog
C:\Users\Debojeet\Desktop\Symmetry\Symmetry\Debug\vc100.idb
C:\USERS\DEBOJEET\DESKTOP\SYMMETRY\SYMMETRY\DEBUG\VC100.PDB
